<?xml version="1.0" encoding="UTF-8"?>
<!-- Generated by org.testng.reporters.JUnitXMLReporter -->
<testsuite ignored="0" hostname="notebook" failures="0" tests="5" name="Test" time="40.503" errors="0" timestamp="2020-10-03T20:35:01 CEST">
  <testcase classname="automation.testcases.LoginTest" name="testLoginUnsuccesful" time="1.897"/>
  <testcase classname="automation.testcases.LoginTest" name="testLoginSuccesfulWithLogOut" time="4.145"/>
  <testcase classname="automation.testcases.CustomerTest" name="addNewCustomer" time="4.144"/>
  <testcase classname="automation.testcases.CustomerTest" name="changeCustomerDetail" time="9.539"/>
  <testcase classname="automation.testcases.CustomerTest" name="enterEditCustomerPage" time="1.312"/>
</testsuite> <!-- Test -->
