<?xml version="1.0" encoding="UTF-8"?>
<testng-results ignored="0" total="5" passed="4" failed="1" skipped="0">
  <reporter-output>
  </reporter-output>
  <suite started-at="2020-10-03T20:44:45 CEST" name="Extent Suite" finished-at="2020-10-03T20:45:14 CEST" duration-ms="29462">
    <groups>
    </groups>
    <test started-at="2020-10-03T20:44:45 CEST" name="Extent Test" finished-at="2020-10-03T20:45:14 CEST" duration-ms="29462">
      <class name="automation.testcases.LoginTest">
        <test-method is-config="true" signature="setUp()[pri:0, instance:automation.testcases.LoginTest@2fd6b6c7]" started-at="2020-10-03T20:44:45 CEST" name="setUp" finished-at="2020-10-03T20:44:47 CEST" duration-ms="2848" status="PASS">
          <reporter-output>
          </reporter-output>
        </test-method> <!-- setUp -->
        <test-method signature="testLoginUnsuccesful()[pri:0, instance:automation.testcases.LoginTest@2fd6b6c7]" started-at="2020-10-03T20:44:47 CEST" name="testLoginUnsuccesful" finished-at="2020-10-03T20:44:49 CEST" duration-ms="1749" status="PASS">
          <reporter-output>
          </reporter-output>
        </test-method> <!-- testLoginUnsuccesful -->
        <test-method is-config="true" signature="tearDown()[pri:0, instance:automation.testcases.LoginTest@2fd6b6c7]" started-at="2020-10-03T20:44:49 CEST" name="tearDown" finished-at="2020-10-03T20:44:49 CEST" duration-ms="73" status="PASS">
          <reporter-output>
          </reporter-output>
        </test-method> <!-- tearDown -->
        <test-method is-config="true" signature="setUp()[pri:0, instance:automation.testcases.LoginTest@2fd6b6c7]" started-at="2020-10-03T20:44:49 CEST" name="setUp" finished-at="2020-10-03T20:44:52 CEST" duration-ms="2451" status="PASS">
          <reporter-output>
          </reporter-output>
        </test-method> <!-- setUp -->
        <test-method signature="testLoginSuccesfulWithLogOut()[pri:1, instance:automation.testcases.LoginTest@2fd6b6c7]" started-at="2020-10-03T20:44:52 CEST" name="testLoginSuccesfulWithLogOut" finished-at="2020-10-03T20:44:56 CEST" duration-ms="3960" status="PASS">
          <reporter-output>
          </reporter-output>
        </test-method> <!-- testLoginSuccesfulWithLogOut -->
        <test-method is-config="true" signature="tearDown()[pri:0, instance:automation.testcases.LoginTest@2fd6b6c7]" started-at="2020-10-03T20:44:56 CEST" name="tearDown" finished-at="2020-10-03T20:44:56 CEST" duration-ms="75" status="PASS">
          <reporter-output>
          </reporter-output>
        </test-method> <!-- tearDown -->
      </class> <!-- automation.testcases.LoginTest -->
      <class name="automation.testcases.CustomerTest">
        <test-method is-config="true" signature="setUp()[pri:0, instance:automation.testcases.CustomerTest@5bfa9431]" started-at="2020-10-03T20:44:56 CEST" name="setUp" finished-at="2020-10-03T20:44:59 CEST" duration-ms="3326" status="PASS">
          <reporter-output>
          </reporter-output>
        </test-method> <!-- setUp -->
        <test-method signature="addNewCustomer()[pri:0, instance:automation.testcases.CustomerTest@5bfa9431]" started-at="2020-10-03T20:44:59 CEST" name="addNewCustomer" finished-at="2020-10-03T20:45:02 CEST" duration-ms="3265" status="FAIL">
          <exception class="org.openqa.selenium.UnhandledAlertException">
            <message>
              <![CDATA[unexpected alert open: {Alert text : Customer could not be added !!}
  (Session info: chrome=85.0.4183.121): Customer could not be added !!
Build info: version: '3.141.59', revision: 'e82be7d358', time: '2018-11-14T08:17:03'
System info: host: 'notebook', ip: '127.0.1.1', os.name: 'Linux', os.arch: 'amd64', os.version: '5.4.0-48-generic', java.version: '11.0.8'
Driver info: org.openqa.selenium.chrome.ChromeDriver
Capabilities {acceptInsecureCerts: false, browserName: chrome, browserVersion: 85.0.4183.121, chrome: {chromedriverVersion: 85.0.4183.87 (cd6713ebf92fa..., userDataDir: /tmp/.com.google.Chrome.I1XKUm}, goog:chromeOptions: {debuggerAddress: localhost:37841}, javascriptEnabled: true, networkConnectionEnabled: false, pageLoadStrategy: normal, platform: LINUX, platformName: LINUX, proxy: Proxy(), setWindowRect: true, strictFileInteractability: false, timeouts: {implicit: 0, pageLoad: 300000, script: 30000}, unhandledPromptBehavior: dismiss and notify, webauthn:virtualAuthenticators: true}
Session ID: 15e6dacfcf14ed038f8f9710b7cfa472
*** Element info: {Using=name, value=customer}]]>
            </message>
            <full-stacktrace>
              <![CDATA[org.openqa.selenium.UnhandledAlertException: unexpected alert open: {Alert text : Customer could not be added !!}
  (Session info: chrome=85.0.4183.121): Customer could not be added !!
Build info: version: '3.141.59', revision: 'e82be7d358', time: '2018-11-14T08:17:03'
System info: host: 'notebook', ip: '127.0.1.1', os.name: 'Linux', os.arch: 'amd64', os.version: '5.4.0-48-generic', java.version: '11.0.8'
Driver info: org.openqa.selenium.chrome.ChromeDriver
Capabilities {acceptInsecureCerts: false, browserName: chrome, browserVersion: 85.0.4183.121, chrome: {chromedriverVersion: 85.0.4183.87 (cd6713ebf92fa..., userDataDir: /tmp/.com.google.Chrome.I1XKUm}, goog:chromeOptions: {debuggerAddress: localhost:37841}, javascriptEnabled: true, networkConnectionEnabled: false, pageLoadStrategy: normal, platform: LINUX, platformName: LINUX, proxy: Proxy(), setWindowRect: true, strictFileInteractability: false, timeouts: {implicit: 0, pageLoad: 300000, script: 30000}, unhandledPromptBehavior: dismiss and notify, webauthn:virtualAuthenticators: true}
Session ID: 15e6dacfcf14ed038f8f9710b7cfa472
*** Element info: {Using=name, value=customer}
at org.openqa.selenium.remote.http.W3CHttpResponseCodec.decode(W3CHttpResponseCodec.java:120)
at org.openqa.selenium.remote.http.W3CHttpResponseCodec.decode(W3CHttpResponseCodec.java:49)
at org.openqa.selenium.remote.HttpCommandExecutor.execute(HttpCommandExecutor.java:158)
at org.openqa.selenium.remote.service.DriverCommandExecutor.execute(DriverCommandExecutor.java:83)
at org.openqa.selenium.remote.RemoteWebDriver.execute(RemoteWebDriver.java:552)
at org.openqa.selenium.remote.RemoteWebDriver.findElement(RemoteWebDriver.java:323)
at org.openqa.selenium.remote.RemoteWebDriver.findElementByName(RemoteWebDriver.java:404)
at org.openqa.selenium.By$ByName.findElement(By.java:284)
at org.openqa.selenium.remote.RemoteWebDriver.findElement(RemoteWebDriver.java:315)
at org.openqa.selenium.support.pagefactory.DefaultElementLocator.findElement(DefaultElementLocator.java:69)
at org.openqa.selenium.support.pagefactory.internal.LocatingElementHandler.invoke(LocatingElementHandler.java:38)
at com.sun.proxy.$Proxy12.isDisplayed(Unknown Source)
at automation.pages.NewCustomerDetailsPage.isRegistered(NewCustomerDetailsPage.java:37)
at automation.testcases.CustomerTest.addNewCustomer(CustomerTest.java:66)
at java.base/jdk.internal.reflect.NativeMethodAccessorImpl.invoke0(Native Method)
at java.base/jdk.internal.reflect.NativeMethodAccessorImpl.invoke(NativeMethodAccessorImpl.java:62)
at java.base/jdk.internal.reflect.DelegatingMethodAccessorImpl.invoke(DelegatingMethodAccessorImpl.java:43)
at java.base/java.lang.reflect.Method.invoke(Method.java:566)
at org.testng.internal.MethodInvocationHelper.invokeMethod(MethodInvocationHelper.java:132)
at org.testng.internal.TestInvoker.invokeMethod(TestInvoker.java:599)
at org.testng.internal.TestInvoker.invokeTestMethod(TestInvoker.java:174)
at org.testng.internal.MethodRunner.runInSequence(MethodRunner.java:46)
at org.testng.internal.TestInvoker$MethodInvocationAgent.invoke(TestInvoker.java:822)
at org.testng.internal.TestInvoker.invokeTestMethods(TestInvoker.java:147)
at org.testng.internal.TestMethodWorker.invokeTestMethods(TestMethodWorker.java:146)
at org.testng.internal.TestMethodWorker.run(TestMethodWorker.java:128)
at java.base/java.util.ArrayList.forEach(ArrayList.java:1541)
at org.testng.TestRunner.privateRun(TestRunner.java:764)
at org.testng.TestRunner.run(TestRunner.java:585)
at org.testng.SuiteRunner.runTest(SuiteRunner.java:384)
at org.testng.SuiteRunner.runSequentially(SuiteRunner.java:378)
at org.testng.SuiteRunner.privateRun(SuiteRunner.java:337)
at org.testng.SuiteRunner.run(SuiteRunner.java:286)
at org.testng.SuiteRunnerWorker.runSuite(SuiteRunnerWorker.java:53)
at org.testng.SuiteRunnerWorker.run(SuiteRunnerWorker.java:96)
at org.testng.TestNG.runSuitesSequentially(TestNG.java:1218)
at org.testng.TestNG.runSuitesLocally(TestNG.java:1140)
at org.testng.TestNG.runSuites(TestNG.java:1069)
at org.testng.TestNG.run(TestNG.java:1037)
at org.testng.remote.AbstractRemoteTestNG.run(AbstractRemoteTestNG.java:115)
at org.testng.remote.RemoteTestNG.initAndRun(RemoteTestNG.java:251)
at org.testng.remote.RemoteTestNG.main(RemoteTestNG.java:77)
]]>
            </full-stacktrace>
          </exception> <!-- org.openqa.selenium.UnhandledAlertException -->
          <reporter-output>
          </reporter-output>
        </test-method> <!-- addNewCustomer -->
        <test-method is-config="true" signature="tearDown()[pri:0, instance:automation.testcases.CustomerTest@5bfa9431]" started-at="2020-10-03T20:45:02 CEST" name="tearDown" finished-at="2020-10-03T20:45:03 CEST" duration-ms="131" status="PASS">
          <reporter-output>
          </reporter-output>
        </test-method> <!-- tearDown -->
        <test-method is-config="true" signature="setUp()[pri:0, instance:automation.testcases.CustomerTest@5bfa9431]" started-at="2020-10-03T20:45:03 CEST" name="setUp" finished-at="2020-10-03T20:45:06 CEST" duration-ms="3342" status="PASS">
          <reporter-output>
          </reporter-output>
        </test-method> <!-- setUp -->
        <test-method signature="changeCustomerDetail()[pri:0, instance:automation.testcases.CustomerTest@5bfa9431]" started-at="2020-10-03T20:45:06 CEST" name="changeCustomerDetail" finished-at="2020-10-03T20:45:09 CEST" duration-ms="2951" status="PASS">
          <reporter-output>
          </reporter-output>
        </test-method> <!-- changeCustomerDetail -->
        <test-method is-config="true" signature="tearDown()[pri:0, instance:automation.testcases.CustomerTest@5bfa9431]" started-at="2020-10-03T20:45:09 CEST" name="tearDown" finished-at="2020-10-03T20:45:09 CEST" duration-ms="87" status="PASS">
          <reporter-output>
          </reporter-output>
        </test-method> <!-- tearDown -->
        <test-method is-config="true" signature="setUp()[pri:0, instance:automation.testcases.CustomerTest@5bfa9431]" started-at="2020-10-03T20:45:09 CEST" name="setUp" finished-at="2020-10-03T20:45:12 CEST" duration-ms="3425" status="PASS">
          <reporter-output>
          </reporter-output>
        </test-method> <!-- setUp -->
        <test-method signature="enterEditCustomerPage()[pri:0, instance:automation.testcases.CustomerTest@5bfa9431]" started-at="2020-10-03T20:45:12 CEST" name="enterEditCustomerPage" finished-at="2020-10-03T20:45:14 CEST" duration-ms="1640" status="PASS">
          <reporter-output>
          </reporter-output>
        </test-method> <!-- enterEditCustomerPage -->
        <test-method is-config="true" signature="tearDown()[pri:0, instance:automation.testcases.CustomerTest@5bfa9431]" started-at="2020-10-03T20:45:14 CEST" name="tearDown" finished-at="2020-10-03T20:45:14 CEST" duration-ms="88" status="PASS">
          <reporter-output>
          </reporter-output>
        </test-method> <!-- tearDown -->
      </class> <!-- automation.testcases.CustomerTest -->
    </test> <!-- Extent Test -->
  </suite> <!-- Extent Suite -->
</testng-results>
